app/build/outputs/mapping/release/seeds.txt
cn.edu.guet.coursetable.LoginActivity
cn.edu.guet.coursetable.RoomDao
cn.edu.guet.coursetable.ui.FragmentCourse: FragmentCourse()
cn.edu.guet.coursetable.ui.BaseActivity: BaseActivity()
cn.edu.guet.coursetable.viewmodel.DataViewModel: DataViewModel(android.app.Application)
cn.edu.guet.coursetable.ui.BaseActivity
cn.edu.guet.coursetable.viewmodel.DBViewModel
cn.edu.guet.coursetable.MainActivity
cn.edu.guet.coursetable.RoomDao: RoomDao()
cn.edu.guet.coursetable.database.AppDatabase_Impl
cn.edu.guet.coursetable.LoginActivity: LoginActivity()
cn.edu.guet.coursetable.api.ApiInterface
cn.edu.guet.coursetable.MainActivity: MainActivity()
cn.edu.guet.coursetable.ui.FragmentUser
cn.edu.guet.coursetable.database.AppDatabase_Impl: AppDatabase_Impl()
cn.edu.guet.coursetable.ui.FragmentCourse
cn.edu.guet.coursetable.database.AppDatabase
cn.edu.guet.coursetable.viewmodel.DataViewModel
cn.edu.guet.coursetable.viewmodel.DBViewModel: DBViewModel(android.app.Application)
cn.edu.guet.coursetable.ui.FragmentUser: FragmentUser()
cn.edu.guet.coursetable.database.AppDatabase: AppDatabase()
...
androidx.appcompat.widget.AppCompatRadioButton: void setButtonDrawable(int)
com.google.android.material.card.MaterialCardView: void setBackgroundInternal(android.graphics.drawable.Drawable)
androidx.appcompat.widget.AppCompatRadioButton: void setSupportButtonTintList(android.content.res.ColorStateList)
com.google.android.material.button.MaterialButton
com.google.android.material.textfield.TextInputLayout: void setEndIconTintList(android.content.res.ColorStateList)
com.google.android.material.textfield.TextInputLayout: java.lang.CharSequence getCounterOverflowDescription()
androidx.constraintlayout.widget.ConstraintHelper
com.google.android.material.button.MaterialButton: void setShapeAppearanceModel(com.google.android.material.shape.ShapeAppearanceModel)
androidx.appcompat.widget.AppCompatButton: int getAutoSizeStepGranularity()
com.google.android.material.appbar.AppBarLayout$BaseBehavior
com.google.android.material.internal.ForegroundLinearLayout: int getForegroundGravity()
android.support.v4.graphics.drawable.IconCompatParcelizer: IconCompatParcelizer()
androidx.lifecycle.ViewModel: ViewModel()
androidx.appcompat.widget.AppCompatImageView: void setSupportImageTintMode(android.graphics.PorterDuff$Mode)
kotlinx.coroutines.internal.LockFreeTaskQueueCore: long _state
com.google.android.material.button.MaterialButton: void setChecked(boolean)
com.bumptech.glide.load.engine.DecodeJob$Stage: com.bumptech.glide.load.engine.DecodeJob$Stage valueOf(java.lang.String)
com.google.android.material.chip.Chip: void setCloseIconResource(int)
androidx.appcompat.widget.Toolbar: int getCurrentContentInsetStart()
androidx.appcompat.widget.LinearLayoutCompat: LinearLayoutCompat(android.content.Context,android.util.AttributeSet,int)
com.google.android.material.bottomnavigation.BottomNavigationMenuView: void setItemTextColor(android.content.res.ColorStateList)
androidx.appcompat.widget.AppCompatImageButton: void setSupportImageTintList(android.content.res.ColorStateList)
com.google.android.material.chip.Chip
androidx.appcompat.widget.AppCompatImageButton: void setImageResource(int)
com.google.android.material.chip.Chip: void setCheckedIconResource(int)
androidx.vectordrawable.graphics.drawable.VectorDrawableCompat$VFullPath: void setFillAlpha(float)
androidx.cardview.widget.CardView: void setCardBackgroundColor(android.content.res.ColorStateList)
androidx.coordinatorlayout.widget.CoordinatorLayout: int getSuggestedMinimumHeight()
androidx.appcompat.widget.AppCompatCheckBox: void setSupportBackgroundTintMode(android.graphics.PorterDuff$Mode)
com.google.android.material.bottomappbar.BottomAppBar
com.google.android.material.bottomnavigation.BottomNavigationMenuView: int getItemBackgroundRes()
kotlinx.coroutines.scheduling.LimitingDispatcher: int inFlightTasks
androidx.cardview.widget.CardView: void setUseCompatPadding(boolean)
androidx.appcompat.view.menu.ListMenuItemView: android.view.LayoutInflater getInflater()
androidx.appcompat.widget.AppCompatImageButton: void setImageDrawable(android.graphics.drawable.Drawable)
androidx.recyclerview.widget.RecyclerView: void setRecyclerListener(androidx.recyclerview.widget.RecyclerView$RecyclerListener)
com.google.android.material.floatingactionbutton.ExtendedFloatingActionButton: com.google.android.material.animation.MotionSpec getExtendMotionSpec()
androidx.appcompat.widget.AppCompatSpinner: void setSupportBackgroundTintMode(android.graphics.PorterDuff$Mode)
com.google.android.material.appbar.AppBarLayout$BaseBehavior: AppBarLayout$BaseBehavior(android.content.Context,android.util.AttributeSet)
com.google.android.material.chip.Chip: void setTextStartPadding(float)
com.google.android.material.transformation.ExpandableTransformationBehavior
com.google.android.material.bottomnavigation.BottomNavigationMenuView: void setItemBackground(android.graphics.drawable.Drawable)
androidx.vectordrawable.graphics.drawable.VectorDrawableCompat$VFullPath: int getFillColor()