app/build/outputs/mapping/release/mapping.txt
# compiler: R8
# compiler_version: 2.1.86
# min_api: 16
# pg_map_id: 884404b
# common_typos_disable
cn.edu.guet.coursetable.LoginActivity -> cn.edu.guet.coursetable.LoginActivity:
    android.app.ProgressDialog progressDialog -> y
    android.content.SharedPreferences preference -> w
    cn.edu.guet.coursetable.databinding.LayoutLoginBinding mView -> v
    kotlin.Lazy dataViewModel$delegate -> x
    android.content.SharedPreferences preferences -> z
    1:1:cn.edu.guet.coursetable.databinding.LayoutLoginBinding cn.edu.guet.coursetable.databinding.LayoutLoginBinding.inflate(android.view.LayoutInflater,android.view.ViewGroup,boolean):0:0 -> onCreate
    1:1:cn.edu.guet.coursetable.databinding.LayoutLoginBinding cn.edu.guet.coursetable.databinding.LayoutLoginBinding.inflate(android.view.LayoutInflater):0 -> onCreate
    1:1:void onCreate(android.os.Bundle):0 -> onCreate
    2:2:cn.edu.guet.coursetable.databinding.LayoutLoginBinding cn.edu.guet.coursetable.databinding.LayoutLoginBinding.bind(android.view.View):0:0 -> onCreate
    2:2:cn.edu.guet.coursetable.databinding.LayoutLoginBinding cn.edu.guet.coursetable.databinding.LayoutLoginBinding.inflate(android.view.LayoutInflater,android.view.ViewGroup,boolean):0 -> onCreate
    2:2:cn.edu.guet.coursetable.databinding.LayoutLoginBinding cn.edu.guet.coursetable.databinding.LayoutLoginBinding.inflate(android.view.LayoutInflater):0 -> onCreate
    2:2:void onCreate(android.os.Bundle):0 -> onCreate
    3:3:void onCreate(android.os.Bundle):0:0 -> onCreate
cn.edu.guet.coursetable.LoginActivity$$special$$inlined$viewModels$1 -> cn.edu.guet.coursetable.LoginActivity$b:
    androidx.activity.ComponentActivity $this_viewModels -> f
    1:1:androidx.lifecycle.ViewModelProvider$Factory invoke():0:0 -> a
    1:1:java.lang.Object invoke():0 -> a
cn.edu.guet.coursetable.LoginActivity$$special$$inlined$viewModels$2 -> cn.edu.guet.coursetable.LoginActivity$c:
    androidx.activity.ComponentActivity $this_viewModels -> f
    1:1:androidx.lifecycle.ViewModelStore invoke():0:0 -> a
    1:1:java.lang.Object invoke():0 -> a
cn.edu.guet.coursetable.LoginActivity$initObserver$1 -> k.a.a.a.a:
    cn.edu.guet.coursetable.LoginActivity this$0 -> a
    1:1:void onChanged(byte[]):0:0 -> a
    1:1:void onChanged(java.lang.Object):0 -> a
    2:2:com.bumptech.glide.manager.RequestManagerRetriever com.bumptech.glide.Glide.getRetriever(android.content.Context):0:0 -> a
    2:2:com.bumptech.glide.RequestManager com.bumptech.glide.Glide.with(androidx.fragment.app.FragmentActivity):0 -> a
    2:2:void onChanged(byte[]):0 -> a
    2:2:void onChanged(java.lang.Object):0 -> a
    3:3:com.bumptech.glide.manager.RequestManagerRetriever com.bumptech.glide.Glide.getRequestManagerRetriever():0:0 -> a
    3:3:com.bumptech.glide.manager.RequestManagerRetriever com.bumptech.glide.Glide.getRetriever(android.content.Context):0 -> a
    3:3:com.bumptech.glide.RequestManager com.bumptech.glide.Glide.with(androidx.fragment.app.FragmentActivity):0 -> a
    3:3:void onChanged(byte[]):0 -> a
    3:3:void onChanged(java.lang.Object):0 -> a
    4:4:com.bumptech.glide.RequestManager com.bumptech.glide.Glide.with(androidx.fragment.app.FragmentActivity):0:0 -> a
    4:4:void onChanged(byte[]):0 -> a
    4:4:void onChanged(java.lang.Object):0 -> a
    5:5:com.bumptech.glide.RequestBuilder com.bumptech.glide.RequestManager.load(byte[]):0:0 -> a
    5:5:void onChanged(byte[]):0 -> a
    5:5:void onChanged(java.lang.Object):0 -> a
    6:6:com.bumptech.glide.RequestBuilder com.bumptech.glide.RequestManager.asDrawable():0:0 -> a
cn.edu.guet.coursetable.LoginActivity$initObserver$2 -> k.a.a.a.b:
    cn.edu.guet.coursetable.LoginActivity this$0 -> a
    1:1:void onChanged(java.util.List):0:0 -> a
    1:1:void onChanged(java.lang.Object):0 -> a
    2:2:void cn.edu.guet.coursetable.LoginActivity.loginSuccess(java.util.List):0:0 -> a
    2:2:void onChanged(java.util.List):0 -> a
    2:2:void onChanged(java.lang.Object):0 -> a
cn.edu.guet.coursetable.LoginActivity$loginSuccess$1 -> k.a.a.a.c:
    cn.edu.guet.coursetable.LoginActivity this$0 -> a
...
com.google.android.material.internal.StaticLayoutBuilderCompat$StaticLayoutBuilderCompatException -> l.c.a.a.t.i$a:
com.google.android.material.internal.TextDrawableHelper -> l.c.a.a.t.j:
    com.google.android.material.resources.TextAppearanceFontCallback fontCallback -> b
    com.google.android.material.resources.TextAppearance textAppearance -> f
    android.text.TextPaint textPaint -> a
    java.lang.ref.WeakReference delegate -> e
    float textWidth -> c
    boolean textWidthDirty -> d
    1:1:void setDelegate(com.google.android.material.internal.TextDrawableHelper$TextDrawableDelegate):0:0 -> <init>
    1:1:void <init>(com.google.android.material.internal.TextDrawableHelper$TextDrawableDelegate):0 -> <init>
    1:1:float calculateTextWidth(java.lang.CharSequence):0:0 -> a
    1:1:float getTextWidth(java.lang.String):0 -> a
    2:2:float getTextWidth(java.lang.String):0:0 -> a
    1:1:android.graphics.Typeface com.google.android.material.resources.TextAppearance.getFallbackFont():0:0 -> b
    1:1:void com.google.android.material.resources.TextAppearance.getFontAsync(android.content.Context,android.text.TextPaint,com.google.android.material.resources.TextAppearanceFontCallback):0 -> b
    1:1:void com.google.android.material.resources.TextAppearance.updateMeasureState(android.content.Context,android.text.TextPaint,com.google.android.material.resources.TextAppearanceFontCallback):0 -> b
    1:1:void setTextAppearance(com.google.android.material.resources.TextAppearance,android.content.Context):0 -> b
com.google.android.material.internal.TextDrawableHelper$1 -> l.c.a.a.t.j$a:
    com.google.android.material.internal.TextDrawableHelper this$0 -> a
    1:1:boolean com.google.android.material.internal.TextDrawableHelper.access$002(com.google.android.material.internal.TextDrawableHelper,boolean):0:0 -> a
    1:1:void onFontRetrievalFailed(int):0 -> a
    2:2:java.lang.ref.WeakReference com.google.android.material.internal.TextDrawableHelper.access$100(com.google.android.material.internal.TextDrawableHelper):0:0 -> a
    2:2:void onFontRetrievalFailed(int):0 -> a
    3:3:void onFontRetrievalFailed(int):0:0 -> a
    1:1:boolean com.google.android.material.internal.TextDrawableHelper.access$002(com.google.android.material.internal.TextDrawableHelper,boolean):0:0 -> b
    1:1:void onFontRetrieved(android.graphics.Typeface,boolean):0 -> b
    2:2:java.lang.ref.WeakReference com.google.android.material.internal.TextDrawableHelper.access$100(com.google.android.material.internal.TextDrawableHelper):0:0 -> b
    2:2:void onFontRetrieved(android.graphics.Typeface,boolean):0 -> b
    3:3:void onFontRetrieved(android.graphics.Typeface,boolean):0:0 -> b
com.google.android.material.internal.TextDrawableHelper$TextDrawableDelegate -> l.c.a.a.t.j$b:
    void onTextSizeChange() -> a
com.google.android.material.internal.TextScale -> l.c.a.a.t.k:
    void captureValues(androidx.transition.TransitionValues) -> L
    void captureEndValues(androidx.transition.TransitionValues) -> e
    void captureStartValues(androidx.transition.TransitionValues) -> i
    android.animation.Animator createAnimator(android.view.ViewGroup,androidx.transition.TransitionValues,androidx.transition.TransitionValues) -> o
com.google.android.material.internal.TextScale$1 -> l.c.a.a.t.k$a:
    android.widget.TextView val$view -> a
com.google.android.material.internal.TextWatcherAdapter -> l.c.a.a.t.l: