app/build/outputs/mapping/release/usage.txt
cn.edu.guet.coursetable.R$bool
cn.edu.guet.coursetable.database.Dao_Impl$13
cn.edu.guet.coursetable.R$drawable
cn.edu.guet.coursetable.databinding.SpinnerItemBinding
cn.edu.guet.coursetable.R$menu
cn.edu.guet.coursetable.viewmodel.DataViewModel:
    public final androidx.lifecycle.MutableLiveData getCourseTable()
cn.edu.guet.coursetable.LoginActivity:
    public final void setMView(cn.edu.guet.coursetable.databinding.LayoutLoginBinding)
    public final android.content.SharedPreferences getPreference()
    public final void setPreference(android.content.SharedPreferences)
    public final void setProgressDialog(android.app.ProgressDialog)
    public final android.content.SharedPreferences getPreferences()
    public final void setPreferences(android.content.SharedPreferences)
cn.edu.guet.coursetable.model.Course:
    public static synthetic cn.edu.guet.coursetable.model.Course copy$default(cn.edu.guet.coursetable.model.Course,int,java.lang.String,double,int,int,java.lang.String,java.lang.String,java.lang.String,java.lang.String,double,java.lang.String,int,java.lang.String,java.lang.String,java.lang.String,java.lang.String,int,int,double,java.lang.String,java.lang.String,double,double,java.lang.String,java.lang.String,int,java.lang.String,java.lang.String,java.lang.String,java.lang.String,int,java.lang.Object)
    public final void setWeek(int)
    public final void setCname(java.lang.String)
    public final void setLlxs(double)
    public final void setMaxcnt(int)
    public final void setEndweek(int)
    public final void setTeacherno(java.lang.String)
    public final void setOddweek(java.lang.String)
    public final void setDptname(java.lang.String)
    public final void setCourseno(java.lang.String)
    public final void setSyxs(double)
    public final void setTerm(java.lang.String)
    public final void setId(int)
    public final void setDptno(java.lang.String)
    public final void setCroomno(java.lang.String)
    public final void setSeq(java.lang.String)
    public final void setComm(java.lang.String)
    public final void setHours(int)
    public final void setSctcnt(int)
    public final void setSjxs(double)
    public final void setTname(java.lang.String)
    public final void setSpno(java.lang.String)
cn.edu.guet.coursetable.database.Dao_Impl$14
cn.edu.guet.coursetable.R$attr
cn.edu.guet.coursetable.ui.FragmentUser:
    public final cn.edu.guet.coursetable.databinding.FragmentUserBinding getMView()
    public final void setMView(cn.edu.guet.coursetable.databinding.FragmentUserBinding)
cn.edu.guet.coursetable.util.NetUtil:
    public void <init>()
cn.edu.guet.coursetable.model.TermInfo:
    public void setWeeknum(java.lang.String)
    public void setComm(java.lang.String)
    public void setEnddate(java.lang.String)
    public void setSchoolyear(java.lang.String)
    public void setTerm(java.lang.String)
    public void setStartdate(java.lang.String)
    public void setTermname(java.lang.String)
cn.edu.guet.coursetable.database.Dao:
    public abstract java.lang.Object getAccountInfo(kotlin.coroutines.Continuation)
    public abstract java.lang.Object updateUser(cn.edu.guet.coursetable.api.Account,kotlin.coroutines.Continuation)
    public abstract java.lang.Object deleteAll(kotlin.coroutines.Continuation)
cn.edu.guet.coursetable.R$interpolator
cn.edu.guet.coursetable.R$styleable
cn.edu.guet.coursetable.R$style
cn.edu.guet.coursetable.database.Dao_Impl$15
cn.edu.guet.coursetable.R$plurals
cn.edu.guet.coursetable.R$xml
cn.edu.guet.coursetable.R$string
cn.edu.guet.coursetable.R$animator
cn.edu.guet.coursetable.databinding.LayoutLoginBinding:
    public synthetic bridge android.view.View getRoot()
cn.edu.guet.coursetable.R$layout
cn.edu.guet.coursetable.R$array
cn.edu.guet.coursetable.R$color
cn.edu.guet.coursetable.RoomDao:
    public abstract cn.edu.guet.coursetable.database.Dao getUserDao()
...
androidx.versionedparcelable.ParcelUtils
io.reactivex.internal.operators.observable.ObservableZip$ZipCoordinator
io.reactivex.internal.operators.flowable.FlowableSamplePublisher
kotlin.reflect.KType$DefaultImpls
com.google.gson.JsonParser
kotlin.collections.unsigned.UArraysKt___UArraysJvmKt$asList$4
kotlin.text.CharsKt:
    private void <init>()
com.bumptech.glide.load.resource.bitmap.CenterInside:
    private static final java.lang.String ID
androidx.core.content.res.ResourcesCompat$ThemeCompat$ImplApi29:
    private void <init>()
androidx.room.RoomTrackingLiveData
androidx.recyclerview.widget.MessageThreadUtil$MessageQueue
com.google.android.material.bottomappbar.BottomAppBar$3
kotlin.ranges.ClosedFloatRange
androidx.core.view.accessibility.AccessibilityEventCompat:
    private void <init>()
    public static int getRecordCount(android.view.accessibility.AccessibilityEvent)
    public static void appendRecord(android.view.accessibility.AccessibilityEvent,androidx.core.view.accessibility.AccessibilityRecordCompat)
    public static androidx.core.view.accessibility.AccessibilityRecordCompat getRecord(android.view.accessibility.AccessibilityEvent,int)
    public static androidx.core.view.accessibility.AccessibilityRecordCompat asRecord(android.view.accessibility.AccessibilityEvent)
    public static void setMovementGranularity(android.view.accessibility.AccessibilityEvent,int)
    public static int getMovementGranularity(android.view.accessibility.AccessibilityEvent)
    public static void setAction(android.view.accessibility.AccessibilityEvent,int)
    public static int getAction(android.view.accessibility.AccessibilityEvent)
    public static final int TYPE_VIEW_HOVER_ENTER
    public static final int TYPE_VIEW_HOVER_EXIT
    public static final int TYPE_TOUCH_EXPLORATION_GESTURE_START
    public static final int TYPE_TOUCH_EXPLORATION_GESTURE_END
    public static final int TYPE_WINDOW_CONTENT_CHANGED
    public static final int TYPE_VIEW_SCROLLED
    public static final int TYPE_VIEW_TEXT_SELECTION_CHANGED
    public static final int TYPE_ANNOUNCEMENT
    public static final int TYPE_VIEW_ACCESSIBILITY_FOCUSED
    public static final int TYPE_VIEW_ACCESSIBILITY_FOCUS_CLEARED
io.reactivex.internal.operators.flowable.FlowableFromPublisher
kotlinx.coroutines.flow.FlowKt__CollectionKt$toCollection$$inlined$collect$1
androidx.room.Entity
kotlinx.coroutines.channels.ConflatedBroadcastChannel$onSend$1
androidx.core.content.res.FontResourcesParserCompat:
    private void <init>()
    private static final int NORMAL_WEIGHT
    private static final int ITALIC
    public static final int FETCH_STRATEGY_BLOCKING
    public static final int FETCH_STRATEGY_ASYNC
    public static final int INFINITE_TIMEOUT_VALUE
    private static final int DEFAULT_TIMEOUT_MILLIS
androidx.constraintlayout.motion.widget.SplineSet$AlphaSet
com.bumptech.glide.util.Synthetic
io.reactivex.internal.operators.flowable.FlowableReduce
kotlinx.coroutines.channels.ProduceKt$awaitClose$2
androidx.recyclerview.widget.AdapterHelper:
    varargs androidx.recyclerview.widget.AdapterHelper addUpdateOp(androidx.recyclerview.widget.AdapterHelper$UpdateOp[])
    boolean onItemRangeChanged(int,int,java.lang.Object)
    boolean onItemRangeInserted(int,int)
    boolean onItemRangeRemoved(int,int)
    boolean onItemRangeMoved(int,int,int)
    static final int POSITION_TYPE_INVISIBLE
    static final int POSITION_TYPE_NEW_OR_LAID_OUT
    private static final boolean DEBUG
    private static final java.lang.String TAG
androidx.core.view.ViewGroupKt
io.reactivex.internal.operators.observable.ObservableToListSingle$ToListObserver
org.intellij.lang.annotations.Flow
androidx.core.app.FrameMetricsAggregator$MetricType
androidx.room.CoroutinesRoom$Companion:
    public final kotlinx.coroutines.flow.Flow createFlow(androidx.room.RoomDatabase,boolean,java.lang.String[],java.util.concurrent.Callable)
kotlinx.coroutines.channels.AbstractChannelKt